{"EventTime":"2026-04-10 13:24:42","Hostname":"WIN-5P99HSK9P0C","Keywords":-9214364837600034816,"EventType":"AUDIT_SUCCESS","SeverityValue":2,"Severity":"INFO","EventID":4688,"SourceName":"Microsoft-Windows-Security-Auditing","ProviderGuid":"{54849625-5478-4994-A5BA-3E3B0328C30D}","Version":2,"Task":13312,"OpcodeValue":0,"RecordNumber":39145,"ProcessID":4,"ThreadID":380,"Channel":"Security","Message":"A new process has been created.\r\n\r\nCreator Subject:\r\n\tSecurity ID:\t\tS-1-5-18\r\n\tAccount Name:\t\t-\r\n\tAccount Domain:\t\t-\r\n\tLogon ID:\t\t0x3E7\r\n\r\nTarget Subject:\r\n\tSecurity ID:\t\tS-1-0-0\r\n\tAccount Name:\t\t-\r\n\tAccount Domain:\t\t-\r\n\tLogon ID:\t\t0x0\r\n\r\nProcess Information:\r\n\tNew Process ID:\t\t0x308\r\n\tNew Process Name:\tC:\\Windows\\System32\\csrss.exe\r\n\tToken Elevation Type:\tTokenElevationTypeDefault (1)\r\n\tMandatory Label:\t\tS-1-16-16384\r\n\tCreator Process ID:\t0x2f8\r\n\tCreator Process Name:\tC:\\Windows\\System32\\smss.exe\r\n\tProcess Command Line:\t\r\n\r\nToken Elevation Type indicates the type of token that was assigned to the new process in accordance with User Account Control policy.\r\n\r\nType 1 is a full token with no privileges removed or groups disabled.  A full token is only used if User Account Control is disabled or if the user is the built-in Administrator account or a service account.\r\n\r\nType 2 is an elevated token with no privileges removed or groups disabled.  An elevated token is used when User Account Control is enabled and the user chooses to start the program using Run as administrator.  An elevated token is also used when an application is configured to always require administrative privilege or to always require maximum privilege, and the user is a member of the Administrators group.\r\n\r\nType 3 is a limited token with administrative privileges removed and administrative groups disabled.  The limited token is used when User Account Control is enabled, the application does not require administrative privilege, and the user does not choose to start the program using Run as administrator.","Category":"Logon","Opcode":"Info","SubjectUserSid":"S-1-5-18","SubjectUserName":"-","SubjectDomainName":"-","SubjectLogonId":"0x3e7","NewProcessId":"0x308","NewProcessName":"C:\\Windows\\System32\\csrss.exe","TokenElevationType":"%%1936","TargetUserSid":"S-1-0-0","TargetUserName":"-","TargetDomainName":"-","TargetLogonId":"0x0","ParentProcessName":"C:\\Windows\\System32\\smss.exe","MandatoryLabel":"S-1-16-16384","EventReceivedTime":"2026-04-10 00:41:55","SourceModuleName":"in_windows_events","SourceModuleType":"im_msvistalog"}
{"EventTime":"2026-04-10 13:24:42","Hostname":"WIN-5P99HSK9P0C","Keywords":-9214364837600034816,"EventType":"AUDIT_SUCCESS","SeverityValue":2,"Severity":"INFO","EventID":4688,"SourceName":"Microsoft-Windows-Security-Auditing","ProviderGuid":"{54849625-5478-4994-A5BA-3E3B0328C30D}","Version":2,"Task":13312,"OpcodeValue":0,"RecordNumber":39146,"ProcessID":4,"ThreadID":380,"Channel":"Security","Message":"A new process has been created.\r\n\r\nCreator Subject:\r\n\tSecurity ID:\t\tS-1-5-18\r\n\tAccount Name:\t\t-\r\n\tAccount Domain:\t\t-\r\n\tLogon ID:\t\t0x3E7\r\n\r\nTarget Subject:\r\n\tSecurity ID:\t\tS-1-0-0\r\n\tAccount Name:\t\t-\r\n\tAccount Domain:\t\t-\r\n\tLogon ID:\t\t0x0\r\n\r\nProcess Information:\r\n\tNew Process ID:\t\t0x348\r\n\tNew Process Name:\tC:\\Windows\\System32\\winlogon.exe\r\n\tToken Elevation Type:\tTokenElevationTypeDefault (1)\r\n\tMandatory Label:\t\tS-1-16-16384\r\n\tCreator Process ID:\t0x2f8\r\n\tCreator Process Name:\tC:\\Windows\\System32\\smss.exe\r\n\tProcess Command Line:\t\r\n\r\nToken Elevation Type indicates the type of token that was assigned to the new process in accordance with User Account Control policy.\r\n\r\nType 1 is a full token with no privileges removed or groups disabled.  A full token is only used if User Account Control is disabled or if the user is the built-in Administrator account or a service account.\r\n\r\nType 2 is an elevated token with no privileges removed or groups disabled.  An elevated token is used when User Account Control is enabled and the user chooses to start the program using Run as administrator.  An elevated token is also used when an application is configured to always require administrative privilege or to always require maximum privilege, and the user is a member of the Administrators group.\r\n\r\nType 3 is a limited token with administrative privileges removed and administrative groups disabled.  The limited token is used when User Account Control is enabled, the application does not require administrative privilege, and the user does not choose to start the program using Run as administrator.","Category":"Logon","Opcode":"Info","SubjectUserSid":"S-1-5-18","SubjectUserName":"-","SubjectDomainName":"-","SubjectLogonId":"0x3e7","NewProcessId":"0x348","NewProcessName":"C:\\Windows\\System32\\winlogon.exe","TokenElevationType":"%%1936","TargetUserSid":"S-1-0-0","TargetUserName":"-","TargetDomainName":"-","TargetLogonId":"0x0","ParentProcessName":"C:\\Windows\\System32\\smss.exe","MandatoryLabel":"S-1-16-16384","EventReceivedTime":"2026-04-10 00:41:55","SourceModuleName":"in_windows_events","SourceModuleType":"im_msvistalog"}
{"EventTime":"2026-04-10 13:24:42","Hostname":"WIN-5P99HSK9P0C","Keywords":-9214364837600034816,"EventType":"AUDIT_SUCCESS","SeverityValue":2,"Severity":"INFO","EventID":4688,"SourceName":"Microsoft-Windows-Security-Auditing","ProviderGuid":"{54849625-5478-4994-A5BA-3E3B0328C30D}","Version":2,"Task":13312,"OpcodeValue":0,"RecordNumber":39147,"ProcessID":4,"ThreadID":224,"Channel":"Security","Message":"A new process has been created.\r\n\r\nCreator Subject:\r\n\tSecurity ID:\t\tS-1-5-18\r\n\tAccount Name:\t\t-\r\n\tAccount Domain:\t\t-\r\n\tLogon ID:\t\t0x3E7\r\n\r\nTarget Subject:\r\n\tSecurity ID:\t\tS-1-0-0\r\n\tAccount Name:\t\t-\r\n\tAccount Domain:\t\t-\r\n\tLogon ID:\t\t0x0\r\n\r\nProcess Information:\r\n\tNew Process ID:\t\t0x390\r\n\tNew Process Name:\tC:\\Windows\\System32\\services.exe\r\n\tToken Elevation Type:\tTokenElevationTypeDefault (1)\r\n\tMandatory Label:\t\tS-1-16-16384\r\n\tCreator Process ID:\t0x300\r\n\tCreator Process Name:\tC:\\Windows\\System32\\wininit.exe\r\n\tProcess Command Line:\t\r\n\r\nToken Elevation Type indicates the type of token that was assigned to the new process in accordance with User Account Control policy.\r\n\r\nType 1 is a full token with no privileges removed or groups disabled.  A full token is only used if User Account Control is disabled or if the user is the built-in Administrator account or a service account.\r\n\r\nType 2 is an elevated token with no privileges removed or groups disabled.  An elevated token is used when User Account Control is enabled and the user chooses to start the program using Run as administrator.  An elevated token is also used when an application is configured to always require administrative privilege or to always require maximum privilege, and the user is a member of the Administrators group.\r\n\r\nType 3 is a limited token with administrative privileges removed and administrative groups disabled.  The limited token is used when User Account Control is enabled, the application does not require administrative privilege, and the user does not choose to start the program using Run as administrator.","Category":"Logon","Opcode":"Info","SubjectUserSid":"S-1-5-18","SubjectUserName":"-","SubjectDomainName":"-","SubjectLogonId":"0x3e7","NewProcessId":"0x390","NewProcessName":"C:\\Windows\\System32\\services.exe","TokenElevationType":"%%1936","TargetUserSid":"S-1-0-0","TargetUserName":"-","TargetDomainName":"-","TargetLogonId":"0x0","ParentProcessName":"C:\\Windows\\System32\\wininit.exe","MandatoryLabel":"S-1-16-16384","EventReceivedTime":"2026-04-10 00:41:55","SourceModuleName":"in_windows_events","SourceModuleType":"im_msvistalog"}
{"EventTime":"2026-04-10 13:24:43","Hostname":"WIN-5P99HSK9P0C","Keywords":-9214364837600034816,"EventType":"AUDIT_SUCCESS","SeverityValue":2,"Severity":"INFO","EventID":4688,"SourceName":"Microsoft-Windows-Security-Auditing","ProviderGuid":"{54849625-5478-4994-A5BA-3E3B0328C30D}","Version":2,"Task":13312,"OpcodeValue":0,"RecordNumber":39148,"ProcessID":4,"ThreadID":68,"Channel":"Security","Message":"A new process has been created.\r\n\r\nCreator Subject:\r\n\tSecurity ID:\t\tS-1-5-18\r\n\tAccount Name:\t\t-\r\n\tAccount Domain:\t\t-\r\n\tLogon ID:\t\t0x3E7\r\n\r\nTarget Subject:\r\n\tSecurity ID:\t\tS-1-0-0\r\n\tAccount Name:\t\t-\r\n\tAccount Domain:\t\t-\r\n\tLogon ID:\t\t0x0\r\n\r\nProcess Information:\r\n\tNew Process ID:\t\t0x3a4\r\n\tNew Process Name:\tC:\\Windows\\System32\\lsass.exe\r\n\tToken Elevation Type:\tTokenElevationTypeDefault (1)\r\n\tMandatory Label:\t\tS-1-16-16384\r\n\tCreator Process ID:\t0x300\r\n\tCreator Process Name:\tC:\\Windows\\System32\\wininit.exe\r\n\tProcess Command Line:\t\r\n\r\nToken Elevation Type indicates the type of token that was assigned to the new process in accordance with User Account Control policy.\r\n\r\nType 1 is a full token with no privileges removed or groups disabled.  A full token is only used if User Account Control is disabled or if the user is the built-in Administrator account or a service account.\r\n\r\nType 2 is an elevated token with no privileges removed or groups disabled.  An elevated token is used when User Account Control is enabled and the user chooses to start the program using Run as administrator.  An elevated token is also used when an application is configured to always require administrative privilege or to always require maximum privilege, and the user is a member of the Administrators group.\r\n\r\nType 3 is a limited token with administrative privileges removed and administrative groups disabled.  The limited token is used when User Account Control is enabled, the application does not require administrative privilege, and the user does not choose to start the program using Run as administrator.","Category":"Logon","Opcode":"Info","SubjectUserSid":"S-1-5-18","SubjectUserName":"-","SubjectDomainName":"-","SubjectLogonId":"0x3e7","NewProcessId":"0x3a4","NewProcessName":"C:\\Windows\\System32\\lsass.exe","TokenElevationType":"%%1936","TargetUserSid":"S-1-0-0","TargetUserName":"-","TargetDomainName":"-","TargetLogonId":"0x0","ParentProcessName":"C:\\Windows\\System32\\wininit.exe","MandatoryLabel":"S-1-16-16384","EventReceivedTime":"2026-04-10 00:41:55","SourceModuleName":"in_windows_events","SourceModuleType":"im_msvistalog"}
{"EventTime":"2026-04-10 13:24:43","Hostname":"WIN-5P99HSK9P0C","Keywords":-9214364837600034816,"EventType":"AUDIT_SUCCESS","SeverityValue":2,"Severity":"INFO","EventID":6417,"SourceName":"Microsoft-Windows-Security-Auditing","ProviderGuid":"{54849625-5478-4994-A5BA-3E3B0328C30D}","Version":0,"Task":12290,"OpcodeValue":0,"RecordNumber":39149,"ProcessID":4,"ThreadID":120,"Channel":"Security","Message":"The FIPS mode crypto selftests succeeded.\r\n\r\n\tProcess ID:\t\t0x3a4\r\n\tProcess Name:\t\tC:\\Windows\\System32\\lsass.exe","Category":"Logon","Opcode":"Info","ProcessName":"C:\\Windows\\System32\\lsass.exe","EventReceivedTime":"2026-04-10 00:41:55","SourceModuleName":"in_windows_events","SourceModuleType":"im_msvistalog"}
{"EventTime":"2026-04-10 13:24:43","Hostname":"WIN-5P99HSK9P0C","Keywords":-9214364837600034816,"EventType":"AUDIT_SUCCESS","SeverityValue":2,"Severity":"INFO","EventID":4608,"SourceName":"Microsoft-Windows-Security-Auditing","ProviderGuid":"{54849625-5478-4994-A5BA-3E3B0328C30D}","Version":0,"Task":12288,"OpcodeValue":0,"RecordNumber":39150,"ProcessID":932,"ThreadID":936,"Channel":"Security","Message":"Windows is starting up.\r\n\r\nThis event is logged when LSASS.EXE starts and the auditing subsystem is initialized.","Category":"Logon","Opcode":"Info","EventReceivedTime":"2026-04-10 00:41:55","SourceModuleName":"in_windows_events","SourceModuleType":"im_msvistalog"}
{"EventTime":"2026-04-10 13:24:43","Hostname":"WIN-5P99HSK9P0C","Keywords":-9214364837600034816,"EventType":"AUDIT_SUCCESS","SeverityValue":2,"Severity":"INFO","EventID":4624,"SourceName":"Microsoft-Windows-Security-Auditing","ProviderGuid":"{54849625-5478-4994-A5BA-3E3B0328C30D}","Version":3,"Task":12544,"OpcodeValue":0,"RecordNumber":39151,"ProcessID":932,"ThreadID":936,"Channel":"Security","Message":"An account was successfully logged on.\r\n\r\nSubject:\r\n\tSecurity ID:\t\tS-1-0-0\r\n\tAccount Name:\t\t-\r\n\tAccount Domain:\t\t-\r\n\tLogon ID:\t\t0x0\r\n\r\nLogon Information:\r\n\tLogon Type:\t\t0\r\n\tRestricted Admin Mode:\t-\r\n\tRemote Credential Guard:\t-\r\n\tVirtual Account:\t\tNo\r\n\tElevated Token:\t\tYes\r\n\r\nImpersonation Level:\t\t-\r\n\r\nNew Logon:\r\n\tSecurity ID:\t\tS-1-5-18\r\n\tAccount Name:\t\tSYSTEM\r\n\tAccount Domain:\t\tNT AUTHORITY\r\n\tLogon ID:\t\t0x3E7\r\n\tLinked Logon ID:\t\t0x0\r\n\tNetwork Account Name:\t-\r\n\tNetwork Account Domain:\t-\r\n\tLogon GUID:\t\t{00000000-0000-0000-0000-000000000000}\r\n\r\nProcess Information:\r\n\tProcess ID:\t\t0x4\r\n\tProcess Name:\t\t\r\n\r\nNetwork Information:\r\n\tWorkstation Name:\t-\r\n\tSource Network Address:\t-\r\n\tSource Port:\t\t-\r\n\r\nDetailed Authentication Information:\r\n\tLogon Process:\t\t-\r\n\tAuthentication Package:\t-\r\n\tTransited Services:\t-\r\n\tPackage Name (NTLM only):\t-\r\n\tKey Length:\t\t0\r\n\r\nThis event is generated when a logon session is created. It is generated on the computer that was accessed.\r\n\r\nThe subject fields indicate the account on the local system which requested the logon. This is most commonly a service such as the Server service, or a local process such as Winlogon.exe or Services.exe.\r\n\r\nThe logon type field indicates the kind of logon that occurred. The most common types are 2 (interactive) and 3 (network).\r\n\r\nThe New Logon fields indicate the account for whom the new logon was created, i.e. the account that was logged on.\r\n\r\nThe network fields indicate where a remote logon request originated. Workstation name is not always available and may be left blank in some cases.\r\n\r\nThe impersonation level field indicates the extent to which a process in the logon session can impersonate.\r\n\r\nThe authentication information fields provide detailed information about this specific logon request.\r\n\t- Logon GUID is a unique identifier that can be used to correlate this event with a KDC event.\r\n\t- Transited services indicate which intermediate services have participated in this logon request.\r\n\t- Package name indicates which sub-protocol was used among the NTLM protocols.\r\n\t- Key length indicates the length of the generated session key. This will be 0 if no session key was requested.","Category":"Logon","Opcode":"Info","SubjectUserSid":"S-1-0-0","SubjectUserName":"-","SubjectDomainName":"-","SubjectLogonId":"0x0","TargetUserSid":"S-1-5-18","TargetUserName":"SYSTEM","TargetDomainName":"NT AUTHORITY","TargetLogonId":"0x3e7","LogonType":"0","LogonProcessName":"-","AuthenticationPackageName":"-","WorkstationName":"-","LogonGuid":"{00000000-0000-0000-0000-000000000000}","TransmittedServices":"-","LmPackageName":"-","KeyLength":"0","IpAddress":"-","IpPort":"-","ImpersonationLevel":"-","RestrictedAdminMode":"-","RemoteCredentialGuard":"-","TargetOutboundUserName":"-","TargetOutboundDomainName":"-","VirtualAccount":"%%1843","TargetLinkedLogonId":"0x0","ElevatedToken":"%%1842","EventReceivedTime":"2026-04-10 00:41:55","SourceModuleName":"in_windows_events","SourceModuleType":"im_msvistalog"}
{"EventTime":"2026-04-10 13:24:43","Hostname":"WIN-5P99HSK9P0C","Keywords":-9214364837600034816,"EventType":"AUDIT_SUCCESS","SeverityValue":2,"Severity":"INFO","EventID":4902,"SourceName":"Microsoft-Windows-Security-Auditing","ProviderGuid":"{54849625-5478-4994-A5BA-3E3B0328C30D}","Version":0,"Task":13568,"OpcodeValue":0,"RecordNumber":39152,"ProcessID":932,"ThreadID":996,"Channel":"Security","Message":"The Per-user audit policy table was created.\r\n\r\nNumber of Elements:\t0\r\nPolicy ID:\t0x898F","Category":"Logon","Opcode":"Info","PuaCount":"0","PuaPolicyId":"0x898f","EventReceivedTime":"2026-04-10 00:41:55","SourceModuleName":"in_windows_events","SourceModuleType":"im_msvistalog"}
{"EventTime":"2026-04-10 13:24:43","Hostname":"WIN-5P99HSK9P0C","Keywords":-9214364837600034816,"EventType":"AUDIT_SUCCESS","SeverityValue":2,"Severity":"INFO","EventID":4624,"SourceName":"Microsoft-Windows-Security-Auditing","ProviderGuid":"{54849625-5478-4994-A5BA-3E3B0328C30D}","Version":3,"Task":12544,"OpcodeValue":0,"RecordNumber":39153,"ActivityID":"{0EB64B54-C928-0000-FC4B-B60E28C9DC01}","ProcessID":932,"ThreadID":300,"Channel":"Security","Message":"An account was successfully logged on.\r\n\r\nSubject:\r\n\tSecurity ID:\t\tS-1-5-18\r\n\tAccount Name:\t\tWIN-5P99HSK9P0C$\r\n\tAccount Domain:\t\tWORKGROUP\r\n\tLogon ID:\t\t0x3E7\r\n\r\nLogon Information:\r\n\tLogon Type:\t\t5\r\n\tRestricted Admin Mode:\t-\r\n\tRemote Credential Guard:\t-\r\n\tVirtual Account:\t\tNo\r\n\tElevated Token:\t\tYes\r\n\r\nImpersonation Level:\t\tImpersonation\r\n\r\nNew Logon:\r\n\tSecurity ID:\t\tS-1-5-18\r\n\tAccount Name:\t\tSYSTEM\r\n\tAccount Domain:\t\tNT AUTHORITY\r\n\tLogon ID:\t\t0x3E7\r\n\tLinked Logon ID:\t\t0x0\r\n\tNetwork Account Name:\t-\r\n\tNetwork Account Domain:\t-\r\n\tLogon GUID:\t\t{00000000-0000-0000-0000-000000000000}\r\n\r\nProcess Information:\r\n\tProcess ID:\t\t0x390\r\n\tProcess Name:\t\tC:\\Windows\\System32\\services.exe\r\n\r\nNetwork Information:\r\n\tWorkstation Name:\t-\r\n\tSource Network Address:\t-\r\n\tSource Port:\t\t-\r\n\r\nDetailed Authentication Information:\r\n\tLogon Process:\t\tAdvapi  \r\n\tAuthentication Package:\tNegotiate\r\n\tTransited Services:\t-\r\n\tPackage Name (NTLM only):\t-\r\n\tKey Length:\t\t0\r\n\r\nThis event is generated when a logon session is created. It is generated on the computer that was accessed.\r\n\r\nThe subject fields indicate the account on the local system which requested the logon. This is most commonly a service such as the Server service, or a local process such as Winlogon.exe or Services.exe.\r\n\r\nThe logon type field indicates the kind of logon that occurred. The most common types are 2 (interactive) and 3 (network).\r\n\r\nThe New Logon fields indicate the account for whom the new logon was created, i.e. the account that was logged on.\r\n\r\nThe network fields indicate where a remote logon request originated. Workstation name is not always available and may be left blank in some cases.\r\n\r\nThe impersonation level field indicates the extent to which a process in the logon session can impersonate.\r\n\r\nThe authentication information fields provide detailed information about this specific logon request.\r\n\t- Logon GUID is a unique identifier that can be used to correlate this event with a KDC event.\r\n\t- Transited services indicate which intermediate services have participated in this logon request.\r\n\t- Package name indicates which sub-protocol was used among the NTLM protocols.\r\n\t- Key length indicates the length of the generated session key. This will be 0 if no session key was requested.","Category":"Logon","Opcode":"Info","SubjectUserSid":"S-1-5-18","SubjectUserName":"WIN-5P99HSK9P0C$","SubjectDomainName":"WORKGROUP","SubjectLogonId":"0x3e7","TargetUserSid":"S-1-5-18","TargetUserName":"SYSTEM","TargetDomainName":"NT AUTHORITY","TargetLogonId":"0x3e7","LogonType":"5","LogonProcessName":"Advapi  ","AuthenticationPackageName":"Negotiate","WorkstationName":"-","LogonGuid":"{00000000-0000-0000-0000-000000000000}","TransmittedServices":"-","LmPackageName":"-","KeyLength":"0","ProcessName":"C:\\Windows\\System32\\services.exe","IpAddress":"-","IpPort":"-","ImpersonationLevel":"%%1833","RestrictedAdminMode":"-","RemoteCredentialGuard":"-","TargetOutboundUserName":"-","TargetOutboundDomainName":"-","VirtualAccount":"%%1843","TargetLinkedLogonId":"0x0","ElevatedToken":"%%1842","EventReceivedTime":"2026-04-10 00:41:55","SourceModuleName":"in_windows_events","SourceModuleType":"im_msvistalog"}
{"EventTime":"2026-04-10 13:24:43","Hostname":"WIN-5P99HSK9P0C","Keywords":-9214364837600034816,"EventType":"AUDIT_SUCCESS","SeverityValue":2,"Severity":"INFO","EventID":4672,"SourceName":"Microsoft-Windows-Security-Auditing","ProviderGuid":"{54849625-5478-4994-A5BA-3E3B0328C30D}","Version":0,"Task":12548,"OpcodeValue":0,"RecordNumber":39154,"ActivityID":"{0EB64B54-C928-0000-FC4B-B60E28C9DC01}","ProcessID":932,"ThreadID":300,"Channel":"Security","Message":"Special privileges assigned to new logon.\r\n\r\nSubject:\r\n\tSecurity ID:\t\tS-1-5-18\r\n\tAccount Name:\t\tSYSTEM\r\n\tAccount Domain:\t\tNT AUTHORITY\r\n\tLogon ID:\t\t0x3E7\r\n\r\nPrivileges:\t\tSeAssignPrimaryTokenPrivilege\r\n\t\t\tSeTcbPrivilege\r\n\t\t\tSeSecurityPrivilege\r\n\t\t\tSeTakeOwnershipPrivilege\r\n\t\t\tSeLoadDriverPrivilege\r\n\t\t\tSeBackupPrivilege\r\n\t\t\tSeRestorePrivilege\r\n\t\t\tSeDebugPrivilege\r\n\t\t\tSeAuditPrivilege\r\n\t\t\tSeSystemEnvironmentPrivilege\r\n\t\t\tSeImpersonatePrivilege\r\n\t\t\tSeDelegateSessionUserImpersonatePrivilege","Category":"Logon","Opcode":"Info","SubjectUserSid":"S-1-5-18","SubjectUserName":"SYSTEM","SubjectDomainName":"NT AUTHORITY","SubjectLogonId":"0x3e7","PrivilegeList":"SeAssignPrimaryTokenPrivilege\r\n\t\t\tSeTcbPrivilege\r\n\t\t\tSeSecurityPrivilege\r\n\t\t\tSeTakeOwnershipPrivilege\r\n\t\t\tSeLoadDriverPrivilege\r\n\t\t\tSeBackupPrivilege\r\n\t\t\tSeRestorePrivilege\r\n\t\t\tSeDebugPrivilege\r\n\t\t\tSeAuditPrivilege\r\n\t\t\tSeSystemEnvironmentPrivilege\r\n\t\t\tSeImpersonatePrivilege\r\n\t\t\tSeDelegateSessionUserImpersonatePrivilege","EventReceivedTime":"2026-04-10 00:41:55","SourceModuleName":"in_windows_events","SourceModuleType":"im_msvistalog"}
{"EventTime":"2026-04-10 13:24:43","Hostname":"WIN-5P99HSK9P0C","Keywords":-9214364837600034816,"EventType":"AUDIT_SUCCESS","SeverityValue":2,"Severity":"INFO","EventID":4648,"SourceName":"Microsoft-Windows-Security-Auditing","ProviderGuid":"{54849625-5478-4994-A5BA-3E3B0328C30D}","Version":0,"Task":12544,"OpcodeValue":0,"RecordNumber":39155,"ActivityID":"{0EB64B54-C928-0000-FC4B-B60E28C9DC01}","ProcessID":932,"ThreadID":376,"Channel":"Security","Message":"A logon was attempted using explicit credentials.\r\n\r\nSubject:\r\n\tSecurity ID:\t\tS-1-5-18\r\n\tAccount Name:\t\tWIN-5P99HSK9P0C$\r\n\tAccount Domain:\t\tWORKGROUP\r\n\tLogon ID:\t\t0x3E7\r\n\tLogon GUID:\t\t{00000000-0000-0000-0000-000000000000}\r\n\r\nAccount Whose Credentials Were Used:\r\n\tAccount Name:\t\tUMFD-0\r\n\tAccount Domain:\t\tFont Driver Host\r\n\tLogon GUID:\t\t{00000000-0000-0000-0000-000000000000}\r\n\r\nTarget Server:\r\n\tTarget Server Name:\tlocalhost\r\n\tAdditional Information:\tlocalhost\r\n\r\nProcess Information:\r\n\tProcess ID:\t\t0x300\r\n\tProcess Name:\t\tC:\\Windows\\System32\\wininit.exe\r\n\r\nNetwork Information:\r\n\tNetwork Address:\t-\r\n\tPort:\t\t\t-\r\n\r\nThis event is generated when a process attempts to log on an account by explicitly specifying that account’s credentials.  This most commonly occurs in batch-type configurations such as scheduled tasks, or when using the RUNAS command.","Category":"Logon","Opcode":"Info","SubjectUserSid":"S-1-5-18","SubjectUserName":"WIN-5P99HSK9P0C$","SubjectDomainName":"WORKGROUP","SubjectLogonId":"0x3e7","LogonGuid":"{00000000-0000-0000-0000-000000000000}","TargetUserName":"UMFD-0","TargetDomainName":"Font Driver Host","TargetLogonGuid":"{00000000-0000-0000-0000-000000000000}","TargetServerName":"localhost","TargetInfo":"localhost","ProcessName":"C:\\Windows\\System32\\wininit.exe","IpAddress":"-","IpPort":"-","EventReceivedTime":"2026-04-10 00:41:55","SourceModuleName":"in_windows_events","SourceModuleType":"im_msvistalog"}
{"EventTime":"2026-04-10 13:24:43","Hostname":"WIN-5P99HSK9P0C","Keywords":-9214364837600034816,"EventType":"AUDIT_SUCCESS","SeverityValue":2,"Severity":"INFO","EventID":4648,"SourceName":"Microsoft-Windows-Security-Auditing","ProviderGuid":"{54849625-5478-4994-A5BA-3E3B0328C30D}","Version":0,"Task":12544,"OpcodeValue":0,"RecordNumber":39156,"ActivityID":"{0EB64B54-C928-0000-FC4B-B60E28C9DC01}","ProcessID":932,"ThreadID":1020,"Channel":"Security","Message":"A logon was attempted using explicit credentials.\r\n\r\nSubject:\r\n\tSecurity ID:\t\tS-1-5-18\r\n\tAccount Name:\t\tWIN-5P99HSK9P0C$\r\n\tAccount Domain:\t\tWORKGROUP\r\n\tLogon ID:\t\t0x3E7\r\n\tLogon GUID:\t\t{00000000-0000-0000-0000-000000000000}\r\n\r\nAccount Whose Credentials Were Used:\r\n\tAccount Name:\t\tUMFD-1\r\n\tAccount Domain:\t\tFont Driver Host\r\n\tLogon GUID:\t\t{00000000-0000-0000-0000-000000000000}\r\n\r\nTarget Server:\r\n\tTarget Server Name:\tlocalhost\r\n\tAdditional Information:\tlocalhost\r\n\r\nProcess Information:\r\n\tProcess ID:\t\t0x348\r\n\tProcess Name:\t\tC:\\Windows\\System32\\winlogon.exe\r\n\r\nNetwork Information:\r\n\tNetwork Address:\t-\r\n\tPort:\t\t\t-\r\n\r\nThis event is generated when a process attempts to log on an account by explicitly specifying that account’s credentials.  This most commonly occurs in batch-type configurations such as scheduled tasks, or when using the RUNAS command.","Category":"Logon","Opcode":"Info","SubjectUserSid":"S-1-5-18","SubjectUserName":"WIN-5P99HSK9P0C$","SubjectDomainName":"WORKGROUP","SubjectLogonId":"0x3e7","LogonGuid":"{00000000-0000-0000-0000-000000000000}","TargetUserName":"UMFD-1","TargetDomainName":"Font Driver Host","TargetLogonGuid":"{00000000-0000-0000-0000-000000000000}","TargetServerName":"localhost","TargetInfo":"localhost","ProcessName":"C:\\Windows\\System32\\winlogon.exe","IpAddress":"-","IpPort":"-","EventReceivedTime":"2026-04-10 00:41:55","SourceModuleName":"in_windows_events","SourceModuleType":"im_msvistalog"}
{"EventTime":"2026-04-10 13:24:43","Hostname":"WIN-5P99HSK9P0C","Keywords":-9214364837600034816,"EventType":"AUDIT_SUCCESS","SeverityValue":2,"Severity":"INFO","EventID":4624,"SourceName":"Microsoft-Windows-Security-Auditing","ProviderGuid":"{54849625-5478-4994-A5BA-3E3B0328C30D}","Version":3,"Task":12544,"OpcodeValue":0,"RecordNumber":39157,"ActivityID":"{0EB64B54-C928-0000-FC4B-B60E28C9DC01}","ProcessID":932,"ThreadID":376,"Channel":"Security","Message":"An account was successfully logged on.\r\n\r\nSubject:\r\n\tSecurity ID:\t\tS-1-5-18\r\n\tAccount Name:\t\tWIN-5P99HSK9P0C$\r\n\tAccount Domain:\t\tWORKGROUP\r\n\tLogon ID:\t\t0x3E7\r\n\r\nLogon Information:\r\n\tLogon Type:\t\t2\r\n\tRestricted Admin Mode:\t-\r\n\tRemote Credential Guard:\t-\r\n\tVirtual Account:\t\tYes\r\n\tElevated Token:\t\tNo\r\n\r\nImpersonation Level:\t\tImpersonation\r\n\r\nNew Logon:\r\n\tSecurity ID:\t\tS-1-5-96-0-0\r\n\tAccount Name:\t\tUMFD-0\r\n\tAccount Domain:\t\tFont Driver Host\r\n\tLogon ID:\t\t0x8D97\r\n\tLinked Logon ID:\t\t0x0\r\n\tNetwork Account Name:\t-\r\n\tNetwork Account Domain:\t-\r\n\tLogon GUID:\t\t{00000000-0000-0000-0000-000000000000}\r\n\r\nProcess Information:\r\n\tProcess ID:\t\t0x300\r\n\tProcess Name:\t\tC:\\Windows\\System32\\wininit.exe\r\n\r\nNetwork Information:\r\n\tWorkstation Name:\t-\r\n\tSource Network Address:\t-\r\n\tSource Port:\t\t-\r\n\r\nDetailed Authentication Information:\r\n\tLogon Process:\t\tAdvapi  \r\n\tAuthentication Package:\tNegotiate\r\n\tTransited Services:\t-\r\n\tPackage Name (NTLM only):\t-\r\n\tKey Length:\t\t0\r\n\r\nThis event is generated when a logon session is created. It is generated on the computer that was accessed.\r\n\r\nThe subject fields indicate the account on the local system which requested the logon. This is most commonly a service such as the Server service, or a local process such as Winlogon.exe or Services.exe.\r\n\r\nThe logon type field indicates the kind of logon that occurred. The most common types are 2 (interactive) and 3 (network).\r\n\r\nThe New Logon fields indicate the account for whom the new logon was created, i.e. the account that was logged on.\r\n\r\nThe network fields indicate where a remote logon request originated. Workstation name is not always available and may be left blank in some cases.\r\n\r\nThe impersonation level field indicates the extent to which a process in the logon session can impersonate.\r\n\r\nThe authentication information fields provide detailed information about this specific logon request.\r\n\t- Logon GUID is a unique identifier that can be used to correlate this event with a KDC event.\r\n\t- Transited services indicate which intermediate services have participated in this logon request.\r\n\t- Package name indicates which sub-protocol was used among the NTLM protocols.\r\n\t- Key length indicates the length of the generated session key. This will be 0 if no session key was requested.","Category":"Logon","Opcode":"Info","SubjectUserSid":"S-1-5-18","SubjectUserName":"WIN-5P99HSK9P0C$","SubjectDomainName":"WORKGROUP","SubjectLogonId":"0x3e7","TargetUserSid":"S-1-5-96-0-0","TargetUserName":"UMFD-0","TargetDomainName":"Font Driver Host","TargetLogonId":"0x8d97","LogonType":"2","LogonProcessName":"Advapi  ","AuthenticationPackageName":"Negotiate","WorkstationName":"-","LogonGuid":"{00000000-0000-0000-0000-000000000000}","TransmittedServices":"-","LmPackageName":"-","KeyLength":"0","ProcessName":"C:\\Windows\\System32\\wininit.exe","IpAddress":"-","IpPort":"-","ImpersonationLevel":"%%1833","RestrictedAdminMode":"-","RemoteCredentialGuard":"-","TargetOutboundUserName":"-","TargetOutboundDomainName":"-","VirtualAccount":"%%1842","TargetLinkedLogonId":"0x0","ElevatedToken":"%%1843","EventReceivedTime":"2026-04-10 00:41:55","SourceModuleName":"in_windows_events","SourceModuleType":"im_msvistalog"}
{"EventTime":"2026-04-10 13:24:43","Hostname":"WIN-5P99HSK9P0C","Keywords":-9214364837600034816,"EventType":"AUDIT_SUCCESS","SeverityValue":2,"Severity":"INFO","EventID":4624,"SourceName":"Microsoft-Windows-Security-Auditing","ProviderGuid":"{54849625-5478-4994-A5BA-3E3B0328C30D}","Version":3,"Task":12544,"OpcodeValue":0,"RecordNumber":39158,"ActivityID":"{0EB64B54-C928-0000-FC4B-B60E28C9DC01}","ProcessID":932,"ThreadID":1020,"Channel":"Security","Message":"An account was successfully logged on.\r\n\r\nSubject:\r\n\tSecurity ID:\t\tS-1-5-18\r\n\tAccount Name:\t\tWIN-5P99HSK9P0C$\r\n\tAccount Domain:\t\tWORKGROUP\r\n\tLogon ID:\t\t0x3E7\r\n\r\nLogon Information:\r\n\tLogon Type:\t\t2\r\n\tRestricted Admin Mode:\t-\r\n\tRemote Credential Guard:\t-\r\n\tVirtual Account:\t\tYes\r\n\tElevated Token:\t\tNo\r\n\r\nImpersonation Level:\t\tImpersonation\r\n\r\nNew Logon:\r\n\tSecurity ID:\t\tS-1-5-96-0-1\r\n\tAccount Name:\t\tUMFD-1\r\n\tAccount Domain:\t\tFont Driver Host\r\n\tLogon ID:\t\t0x8D96\r\n\tLinked Logon ID:\t\t0x0\r\n\tNetwork Account Name:\t-\r\n\tNetwork Account Domain:\t-\r\n\tLogon GUID:\t\t{00000000-0000-0000-0000-000000000000}\r\n\r\nProcess Information:\r\n\tProcess ID:\t\t0x348\r\n\tProcess Name:\t\tC:\\Windows\\System32\\winlogon.exe\r\n\r\nNetwork Information:\r\n\tWorkstation Name:\t-\r\n\tSource Network Address:\t-\r\n\tSource Port:\t\t-\r\n\r\nDetailed Authentication Information:\r\n\tLogon Process:\t\tAdvapi  \r\n\tAuthentication Package:\tNegotiate\r\n\tTransited Services:\t-\r\n\tPackage Name (NTLM only):\t-\r\n\tKey Length:\t\t0\r\n\r\nThis event is generated when a logon session is created. It is generated on the computer that was accessed.\r\n\r\nThe subject fields indicate the account on the local system which requested the logon. This is most commonly a service such as the Server service, or a local process such as Winlogon.exe or Services.exe.\r\n\r\nThe logon type field indicates the kind of logon that occurred. The most common types are 2 (interactive) and 3 (network).\r\n\r\nThe New Logon fields indicate the account for whom the new logon was created, i.e. the account that was logged on.\r\n\r\nThe network fields indicate where a remote logon request originated. Workstation name is not always available and may be left blank in some cases.\r\n\r\nThe impersonation level field indicates the extent to which a process in the logon session can impersonate.\r\n\r\nThe authentication information fields provide detailed information about this specific logon request.\r\n\t- Logon GUID is a unique identifier that can be used to correlate this event with a KDC event.\r\n\t- Transited services indicate which intermediate services have participated in this logon request.\r\n\t- Package name indicates which sub-protocol was used among the NTLM protocols.\r\n\t- Key length indicates the length of the generated session key. This will be 0 if no session key was requested.","Category":"Logon","Opcode":"Info","SubjectUserSid":"S-1-5-18","SubjectUserName":"WIN-5P99HSK9P0C$","SubjectDomainName":"WORKGROUP","SubjectLogonId":"0x3e7","TargetUserSid":"S-1-5-96-0-1","TargetUserName":"UMFD-1","TargetDomainName":"Font Driver Host","TargetLogonId":"0x8d96","LogonType":"2","LogonProcessName":"Advapi  ","AuthenticationPackageName":"Negotiate","WorkstationName":"-","LogonGuid":"{00000000-0000-0000-0000-000000000000}","TransmittedServices":"-","LmPackageName":"-","KeyLength":"0","ProcessName":"C:\\Windows\\System32\\winlogon.exe","IpAddress":"-","IpPort":"-","ImpersonationLevel":"%%1833","RestrictedAdminMode":"-","RemoteCredentialGuard":"-","TargetOutboundUserName":"-","TargetOutboundDomainName":"-","VirtualAccount":"%%1842","TargetLinkedLogonId":"0x0","ElevatedToken":"%%1843","EventReceivedTime":"2026-04-10 00:41:55","SourceModuleName":"in_windows_events","SourceModuleType":"im_msvistalog"}
{"EventTime":"2026-04-10 13:24:43","Hostname":"WIN-5P99HSK9P0C","Keywords":-9214364837600034816,"EventType":"AUDIT_SUCCESS","SeverityValue":2,"Severity":"INFO","EventID":4624,"SourceName":"Microsoft-Windows-Security-Auditing","ProviderGuid":"{54849625-5478-4994-A5BA-3E3B0328C30D}","Version":3,"Task":12544,"OpcodeValue":0,"RecordNumber":39159,"ActivityID":"{0EB64B54-C928-0000-FC4B-B60E28C9DC01}","ProcessID":932,"ThreadID":1020,"Channel":"Security","Message":"An account was successfully logged on.\r\n\r\nSubject:\r\n\tSecurity ID:\t\tS-1-5-18\r\n\tAccount Name:\t\tWIN-5P99HSK9P0C$\r\n\tAccount Domain:\t\tWORKGROUP\r\n\tLogon ID:\t\t0x3E7\r\n\r\nLogon Information:\r\n\tLogon Type:\t\t5\r\n\tRestricted Admin Mode:\t-\r\n\tRemote Credential Guard:\t-\r\n\tVirtual Account:\t\tNo\r\n\tElevated Token:\t\tYes\r\n\r\nImpersonation Level:\t\tImpersonation\r\n\r\nNew Logon:\r\n\tSecurity ID:\t\tS-1-5-20\r\n\tAccount Name:\t\tNETWORK SERVICE\r\n\tAccount Domain:\t\tNT AUTHORITY\r\n\tLogon ID:\t\t0x3E4\r\n\tLinked Logon ID:\t\t0x0\r\n\tNetwork Account Name:\t-\r\n\tNetwork Account Domain:\t-\r\n\tLogon GUID:\t\t{00000000-0000-0000-0000-000000000000}\r\n\r\nProcess Information:\r\n\tProcess ID:\t\t0x390\r\n\tProcess Name:\t\tC:\\Windows\\System32\\services.exe\r\n\r\nNetwork Information:\r\n\tWorkstation Name:\t-\r\n\tSource Network Address:\t-\r\n\tSource Port:\t\t-\r\n\r\nDetailed Authentication Information:\r\n\tLogon Process:\t\tAdvapi  \r\n\tAuthentication Package:\tNegotiate\r\n\tTransited Services:\t-\r\n\tPackage Name (NTLM only):\t-\r\n\tKey Length:\t\t0\r\n\r\nThis event is generated when a logon session is created. It is generated on the computer that was accessed.\r\n\r\nThe subject fields indicate the account on the local system which requested the logon. This is most commonly a service such as the Server service, or a local process such as Winlogon.exe or Services.exe.\r\n\r\nThe logon type field indicates the kind of logon that occurred. The most common types are 2 (interactive) and 3 (network).\r\n\r\nThe New Logon fields indicate the account for whom the new logon was created, i.e. the account that was logged on.\r\n\r\nThe network fields indicate where a remote logon request originated. Workstation name is not always available and may be left blank in some cases.\r\n\r\nThe impersonation level field indicates the extent to which a process in the logon session can impersonate.\r\n\r\nThe authentication information fields provide detailed information about this specific logon request.\r\n\t- Logon GUID is a unique identifier that can be used to correlate this event with a KDC event.\r\n\t- Transited services indicate which intermediate services have participated in this logon request.\r\n\t- Package name indicates which sub-protocol was used among the NTLM protocols.\r\n\t- Key length indicates the length of the generated session key. This will be 0 if no session key was requested.","Category":"Logon","Opcode":"Info","SubjectUserSid":"S-1-5-18","SubjectUserName":"WIN-5P99HSK9P0C$","SubjectDomainName":"WORKGROUP","SubjectLogonId":"0x3e7","TargetUserSid":"S-1-5-20","TargetUserName":"NETWORK SERVICE","TargetDomainName":"NT AUTHORITY","TargetLogonId":"0x3e4","LogonType":"5","LogonProcessName":"Advapi  ","AuthenticationPackageName":"Negotiate","WorkstationName":"-","LogonGuid":"{00000000-0000-0000-0000-000000000000}","TransmittedServices":"-","LmPackageName":"-","KeyLength":"0","ProcessName":"C:\\Windows\\System32\\services.exe","IpAddress":"-","IpPort":"-","ImpersonationLevel":"%%1833","RestrictedAdminMode":"-","RemoteCredentialGuard":"-","TargetOutboundUserName":"-","TargetOutboundDomainName":"-","VirtualAccount":"%%1843","TargetLinkedLogonId":"0x0","ElevatedToken":"%%1842","EventReceivedTime":"2026-04-10 00:41:55","SourceModuleName":"in_windows_events","SourceModuleType":"im_msvistalog"}
{"EventTime":"2026-04-10 13:24:43","Hostname":"WIN-5P99HSK9P0C","Keywords":-9214364837600034816,"EventType":"AUDIT_SUCCESS","SeverityValue":2,"Severity":"INFO","EventID":4672,"SourceName":"Microsoft-Windows-Security-Auditing","ProviderGuid":"{54849625-5478-4994-A5BA-3E3B0328C30D}","Version":0,"Task":12548,"OpcodeValue":0,"RecordNumber":39160,"ActivityID":"{0EB64B54-C928-0000-FC4B-B60E28C9DC01}","ProcessID":932,"ThreadID":1020,"Channel":"Security","Message":"Special privileges assigned to new logon.\r\n\r\nSubject:\r\n\tSecurity ID:\t\tS-1-5-20\r\n\tAccount Name:\t\tNETWORK SERVICE\r\n\tAccount Domain:\t\tNT AUTHORITY\r\n\tLogon ID:\t\t0x3E4\r\n\r\nPrivileges:\t\tSeAssignPrimaryTokenPrivilege\r\n\t\t\tSeAuditPrivilege\r\n\t\t\tSeImpersonatePrivilege","Category":"Logon","Opcode":"Info","SubjectUserSid":"S-1-5-20","SubjectUserName":"NETWORK SERVICE","SubjectDomainName":"NT AUTHORITY","SubjectLogonId":"0x3e4","PrivilegeList":"SeAssignPrimaryTokenPrivilege\r\n\t\t\tSeAuditPrivilege\r\n\t\t\tSeImpersonatePrivilege","EventReceivedTime":"2026-04-10 00:41:55","SourceModuleName":"in_windows_events","SourceModuleType":"im_msvistalog"}
{"EventTime":"2026-04-10 13:24:43","Hostname":"WIN-5P99HSK9P0C","Keywords":-9214364837600034816,"EventType":"AUDIT_SUCCESS","SeverityValue":2,"Severity":"INFO","EventID":4624,"SourceName":"Microsoft-Windows-Security-Auditing","ProviderGuid":"{54849625-5478-4994-A5BA-3E3B0328C30D}","Version":3,"Task":12544,"OpcodeValue":0,"RecordNumber":39161,"ActivityID":"{0EB64B54-C928-0000-FC4B-B60E28C9DC01}","ProcessID":932,"ThreadID":1020,"Channel":"Security","Message":"An account was successfully logged on.\r\n\r\nSubject:\r\n\tSecurity ID:\t\tS-1-5-18\r\n\tAccount Name:\t\tWIN-5P99HSK9P0C$\r\n\tAccount Domain:\t\tWORKGROUP\r\n\tLogon ID:\t\t0x3E7\r\n\r\nLogon Information:\r\n\tLogon Type:\t\t5\r\n\tRestricted Admin Mode:\t-\r\n\tRemote Credential Guard:\t-\r\n\tVirtual Account:\t\tNo\r\n\tElevated Token:\t\tYes\r\n\r\nImpersonation Level:\t\tImpersonation\r\n\r\nNew Logon:\r\n\tSecurity ID:\t\tS-1-5-18\r\n\tAccount Name:\t\tSYSTEM\r\n\tAccount Domain:\t\tNT AUTHORITY\r\n\tLogon ID:\t\t0x3E7\r\n\tLinked Logon ID:\t\t0x0\r\n\tNetwork Account Name:\t-\r\n\tNetwork Account Domain:\t-\r\n\tLogon GUID:\t\t{00000000-0000-0000-0000-000000000000}\r\n\r\nProcess Information:\r\n\tProcess ID:\t\t0x390\r\n\tProcess Name:\t\tC:\\Windows\\System32\\services.exe\r\n\r\nNetwork Information:\r\n\tWorkstation Name:\t-\r\n\tSource Network Address:\t-\r\n\tSource Port:\t\t-\r\n\r\nDetailed Authentication Information:\r\n\tLogon Process:\t\tAdvapi  \r\n\tAuthentication Package:\tNegotiate\r\n\tTransited Services:\t-\r\n\tPackage Name (NTLM only):\t-\r\n\tKey Length:\t\t0\r\n\r\nThis event is generated when a logon session is created. It is generated on the computer that was accessed.\r\n\r\nThe subject fields indicate the account on the local system which requested the logon. This is most commonly a service such as the Server service, or a local process such as Winlogon.exe or Services.exe.\r\n\r\nThe logon type field indicates the kind of logon that occurred. The most common types are 2 (interactive) and 3 (network).\r\n\r\nThe New Logon fields indicate the account for whom the new logon was created, i.e. the account that was logged on.\r\n\r\nThe network fields indicate where a remote logon request originated. Workstation name is not always available and may be left blank in some cases.\r\n\r\nThe impersonation level field indicates the extent to which a process in the logon session can impersonate.\r\n\r\nThe authentication information fields provide detailed information about this specific logon request.\r\n\t- Logon GUID is a unique identifier that can be used to correlate this event with a KDC event.\r\n\t- Transited services indicate which intermediate services have participated in this logon request.\r\n\t- Package name indicates which sub-protocol was used among the NTLM protocols.\r\n\t- Key length indicates the length of the generated session key. This will be 0 if no session key was requested.","Category":"Logon","Opcode":"Info","SubjectUserSid":"S-1-5-18","SubjectUserName":"WIN-5P99HSK9P0C$","SubjectDomainName":"WORKGROUP","SubjectLogonId":"0x3e7","TargetUserSid":"S-1-5-18","TargetUserName":"SYSTEM","TargetDomainName":"NT AUTHORITY","TargetLogonId":"0x3e7","LogonType":"5","LogonProcessName":"Advapi  ","AuthenticationPackageName":"Negotiate","WorkstationName":"-","LogonGuid":"{00000000-0000-0000-0000-000000000000}","TransmittedServices":"-","LmPackageName":"-","KeyLength":"0","ProcessName":"C:\\Windows\\System32\\services.exe","IpAddress":"-","IpPort":"-","ImpersonationLevel":"%%1833","RestrictedAdminMode":"-","RemoteCredentialGuard":"-","TargetOutboundUserName":"-","TargetOutboundDomainName":"-","VirtualAccount":"%%1843","TargetLinkedLogonId":"0x0","ElevatedToken":"%%1842","EventReceivedTime":"2026-04-10 00:41:55","SourceModuleName":"in_windows_events","SourceModuleType":"im_msvistalog"}
{"EventTime":"2026-04-10 13:24:43","Hostname":"WIN-5P99HSK9P0C","Keywords":-9214364837600034816,"EventType":"AUDIT_SUCCESS","SeverityValue":2,"Severity":"INFO","EventID":4672,"SourceName":"Microsoft-Windows-Security-Auditing","ProviderGuid":"{54849625-5478-4994-A5BA-3E3B0328C30D}","Version":0,"Task":12548,"OpcodeValue":0,"RecordNumber":39162,"ActivityID":"{0EB64B54-C928-0000-FC4B-B60E28C9DC01}","ProcessID":932,"ThreadID":1020,"Channel":"Security","Message":"Special privileges assigned to new logon.\r\n\r\nSubject:\r\n\tSecurity ID:\t\tS-1-5-18\r\n\tAccount Name:\t\tSYSTEM\r\n\tAccount Domain:\t\tNT AUTHORITY\r\n\tLogon ID:\t\t0x3E7\r\n\r\nPrivileges:\t\tSeAssignPrimaryTokenPrivilege\r\n\t\t\tSeTcbPrivilege\r\n\t\t\tSeSecurityPrivilege\r\n\t\t\tSeTakeOwnershipPrivilege\r\n\t\t\tSeLoadDriverPrivilege\r\n\t\t\tSeBackupPrivilege\r\n\t\t\tSeRestorePrivilege\r\n\t\t\tSeDebugPrivilege\r\n\t\t\tSeAuditPrivilege\r\n\t\t\tSeSystemEnvironmentPrivilege\r\n\t\t\tSeImpersonatePrivilege\r\n\t\t\tSeDelegateSessionUserImpersonatePrivilege","Category":"Logon","Opcode":"Info","SubjectUserSid":"S-1-5-18","SubjectUserName":"SYSTEM","SubjectDomainName":"NT AUTHORITY","SubjectLogonId":"0x3e7","PrivilegeList":"SeAssignPrimaryTokenPrivilege\r\n\t\t\tSeTcbPrivilege\r\n\t\t\tSeSecurityPrivilege\r\n\t\t\tSeTakeOwnershipPrivilege\r\n\t\t\tSeLoadDriverPrivilege\r\n\t\t\tSeBackupPrivilege\r\n\t\t\tSeRestorePrivilege\r\n\t\t\tSeDebugPrivilege\r\n\t\t\tSeAuditPrivilege\r\n\t\t\tSeSystemEnvironmentPrivilege\r\n\t\t\tSeImpersonatePrivilege\r\n\t\t\tSeDelegateSessionUserImpersonatePrivilege","EventReceivedTime":"2026-04-10 00:41:55","SourceModuleName":"in_windows_events","SourceModuleType":"im_msvistalog"}
{"EventTime":"2026-04-10 13:24:43","Hostname":"WIN-5P99HSK9P0C","Keywords":-9214364837600034816,"EventType":"AUDIT_SUCCESS","SeverityValue":2,"Severity":"INFO","EventID":4648,"SourceName":"Microsoft-Windows-Security-Auditing","ProviderGuid":"{54849625-5478-4994-A5BA-3E3B0328C30D}","Version":0,"Task":12544,"OpcodeValue":0,"RecordNumber":39163,"ActivityID":"{0EB64B54-C928-0000-FC4B-B60E28C9DC01}","ProcessID":932,"ThreadID":992,"Channel":"Security","Message":"A logon was attempted using explicit credentials.\r\n\r\nSubject:\r\n\tSecurity ID:\t\tS-1-5-18\r\n\tAccount Name:\t\tWIN-5P99HSK9P0C$\r\n\tAccount Domain:\t\tWORKGROUP\r\n\tLogon ID:\t\t0x3E7\r\n\tLogon GUID:\t\t{00000000-0000-0000-0000-000000000000}\r\n\r\nAccount Whose Credentials Were Used:\r\n\tAccount Name:\t\tDWM-1\r\n\tAccount Domain:\t\tWindow Manager\r\n\tLogon GUID:\t\t{00000000-0000-0000-0000-000000000000}\r\n\r\nTarget Server:\r\n\tTarget Server Name:\tlocalhost\r\n\tAdditional Information:\tlocalhost\r\n\r\nProcess Information:\r\n\tProcess ID:\t\t0x348\r\n\tProcess Name:\t\tC:\\Windows\\System32\\winlogon.exe\r\n\r\nNetwork Information:\r\n\tNetwork Address:\t-\r\n\tPort:\t\t\t-\r\n\r\nThis event is generated when a process attempts to log on an account by explicitly specifying that account’s credentials.  This most commonly occurs in batch-type configurations such as scheduled tasks, or when using the RUNAS command.","Category":"Logon","Opcode":"Info","SubjectUserSid":"S-1-5-18","SubjectUserName":"WIN-5P99HSK9P0C$","SubjectDomainName":"WORKGROUP","SubjectLogonId":"0x3e7","LogonGuid":"{00000000-0000-0000-0000-000000000000}","TargetUserName":"DWM-1","TargetDomainName":"Window Manager","TargetLogonGuid":"{00000000-0000-0000-0000-000000000000}","TargetServerName":"localhost","TargetInfo":"localhost","ProcessName":"C:\\Windows\\System32\\winlogon.exe","IpAddress":"-","IpPort":"-","EventReceivedTime":"2026-04-10 00:41:55","SourceModuleName":"in_windows_events","SourceModuleType":"im_msvistalog"}
{"EventTime":"2026-04-10 13:24:43","Hostname":"WIN-5P99HSK9P0C","Keywords":-9214364837600034816,"EventType":"AUDIT_SUCCESS","SeverityValue":2,"Severity":"INFO","EventID":4624,"SourceName":"Microsoft-Windows-Security-Auditing","ProviderGuid":"{54849625-5478-4994-A5BA-3E3B0328C30D}","Version":3,"Task":12544,"OpcodeValue":0,"RecordNumber":39164,"ActivityID":"{0EB64B54-C928-0000-FC4B-B60E28C9DC01}","ProcessID":932,"ThreadID":992,"Channel":"Security","Message":"An account was successfully logged on.\r\n\r\nSubject:\r\n\tSecurity ID:\t\tS-1-5-18\r\n\tAccount Name:\t\tWIN-5P99HSK9P0C$\r\n\tAccount Domain:\t\tWORKGROUP\r\n\tLogon ID:\t\t0x3E7\r\n\r\nLogon Information:\r\n\tLogon Type:\t\t2\r\n\tRestricted Admin Mode:\t-\r\n\tRemote Credential Guard:\t-\r\n\tVirtual Account:\t\tYes\r\n\tElevated Token:\t\tYes\r\n\r\nImpersonation Level:\t\tImpersonation\r\n\r\nNew Logon:\r\n\tSecurity ID:\t\tS-1-5-90-0-1\r\n\tAccount Name:\t\tDWM-1\r\n\tAccount Domain:\t\tWindow Manager\r\n\tLogon ID:\t\t0xEF36\r\n\tLinked Logon ID:\t\t0x0\r\n\tNetwork Account Name:\t-\r\n\tNetwork Account Domain:\t-\r\n\tLogon GUID:\t\t{00000000-0000-0000-0000-000000000000}\r\n\r\nProcess Information:\r\n\tProcess ID:\t\t0x348\r\n\tProcess Name:\t\tC:\\Windows\\System32\\winlogon.exe\r\n\r\nNetwork Information:\r\n\tWorkstation Name:\t-\r\n\tSource Network Address:\t-\r\n\tSource Port:\t\t-\r\n\r\nDetailed Authentication Information:\r\n\tLogon Process:\t\tAdvapi  \r\n\tAuthentication Package:\tNegotiate\r\n\tTransited Services:\t-\r\n\tPackage Name (NTLM only):\t-\r\n\tKey Length:\t\t0\r\n\r\nThis event is generated when a logon session is created. It is generated on the computer that was accessed.\r\n\r\nThe subject fields indicate the account on the local system which requested the logon. This is most commonly a service such as the Server service, or a local process such as Winlogon.exe or Services.exe.\r\n\r\nThe logon type field indicates the kind of logon that occurred. The most common types are 2 (interactive) and 3 (network).\r\n\r\nThe New Logon fields indicate the account for whom the new logon was created, i.e. the account that was logged on.\r\n\r\nThe network fields indicate where a remote logon request originated. Workstation name is not always available and may be left blank in some cases.\r\n\r\nThe impersonation level field indicates the extent to which a process in the logon session can impersonate.\r\n\r\nThe authentication information fields provide detailed information about this specific logon request.\r\n\t- Logon GUID is a unique identifier that can be used to correlate this event with a KDC event.\r\n\t- Transited services indicate which intermediate services have participated in this logon request.\r\n\t- Package name indicates which sub-protocol was used among the NTLM protocols.\r\n\t- Key length indicates the length of the generated session key. This will be 0 if no session key was requested.","Category":"Logon","Opcode":"Info","SubjectUserSid":"S-1-5-18","SubjectUserName":"WIN-5P99HSK9P0C$","SubjectDomainName":"WORKGROUP","SubjectLogonId":"0x3e7","TargetUserSid":"S-1-5-90-0-1","TargetUserName":"DWM-1","TargetDomainName":"Window Manager","TargetLogonId":"0xef36","LogonType":"2","LogonProcessName":"Advapi  ","AuthenticationPackageName":"Negotiate","WorkstationName":"-","LogonGuid":"{00000000-0000-0000-0000-000000000000}","TransmittedServices":"-","LmPackageName":"-","KeyLength":"0","ProcessName":"C:\\Windows\\System32\\winlogon.exe","IpAddress":"-","IpPort":"-","ImpersonationLevel":"%%1833","RestrictedAdminMode":"-","RemoteCredentialGuard":"-","TargetOutboundUserName":"-","TargetOutboundDomainName":"-","VirtualAccount":"%%1842","TargetLinkedLogonId":"0x0","ElevatedToken":"%%1842","EventReceivedTime":"2026-04-10 00:41:55","SourceModuleName":"in_windows_events","SourceModuleType":"im_msvistalog"}
